Log file open, 02/26/18 14:41:59
LogWindows: Failed to load 'aqProf.dll' (GetLastError=126)
LogWindows: File 'aqProf.dll' does not exist
LogWindows: Failed to load 'VtuneApi.dll' (GetLastError=126)
LogWindows: File 'VtuneApi.dll' does not exist
LogWindows: Failed to load 'VtuneApi32e.dll' (GetLastError=126)
LogWindows: File 'VtuneApi32e.dll' does not exist
LogInit: Display: Running engine for game: Studio2Project
LogPlatformFile: Not using cached read wrapper
LogInit: Display: RandInit(703963040) SRandInit(703963040).
LogInit: Read version file with build ID '3709383'
LogInit: Overriding engine version to CL 3832480, compatible CL 3709383
LogInit: Registered custom module enumerator with build ID '3709383'
LogTaskGraph: Started task graph with 5 named threads and 14 total threads with 3 sets of task threads.
LogStats: Stats thread started at 0.193472
LogD3D11RHI: Aftermath initialized
LogPluginManager: Mounting plugin Paper2D
LogPluginManager: Mounting plugin LightPropagationVolume
LogPluginManager: Mounting plugin CodeLiteSourceCodeAccess
LogPluginManager: Mounting plugin GitSourceControl
LogPluginManager: Mounting plugin KDevelopSourceCodeAccess
LogPluginManager: Mounting plugin NullSourceCodeAccess
LogPluginManager: Mounting plugin PerforceSourceControl
LogPluginManager: Mounting plugin SubversionSourceControl
LogPluginManager: Mounting plugin UObjectPlugin
LogPluginManager: Mounting plugin VisualStudioCodeSourceCodeAccess
LogPluginManager: Mounting plugin VisualStudioSourceCodeAccess
LogPluginManager: Mounting plugin XCodeSourceCodeAccess
LogPluginManager: Mounting plugin AssetManagerEditor
LogPluginManager: Mounting plugin AudioCapture
LogPluginManager: Mounting plugin FacialAnimation
LogPluginManager: Mounting plugin GameplayTagsEditor
LogPluginManager: Mounting plugin MobileLauncherProfileWizard
LogPluginManager: Mounting plugin PluginBrowser
LogPluginManager: Mounting plugin SpeedTreeImporter
LogPluginManager: Mounting plugin AlembicImporter
LogPluginManager: Mounting plugin CharacterAI
LogPluginManager: Mounting plugin HTML5Networking
LogPluginManager: Mounting plugin AndroidMedia
LogPluginManager: Mounting plugin AvfMedia
LogPluginManager: Mounting plugin ImgMedia
LogPluginManager: Mounting plugin MediaCompositing
LogPluginManager: Mounting plugin MediaPlayerEditor
LogPluginManager: Mounting plugin WmfMedia
LogPluginManager: Mounting plugin TcpMessaging
LogPluginManager: Mounting plugin UdpMessaging
LogPluginManager: Mounting plugin ActorSequence
LogPluginManager: Mounting plugin LevelSequenceEditor
LogPluginManager: Mounting plugin MatineeToLevelSequence
LogPluginManager: Mounting plugin OnlineSubsystemGooglePlay
LogPluginManager: Mounting plugin OnlineSubsystemIOS
LogPluginManager: Mounting plugin OnlineSubsystem
LogPluginManager: Mounting plugin OnlineSubsystemNull
LogPluginManager: Mounting plugin OnlineSubsystemUtils
LogPluginManager: Mounting plugin AndroidDeviceProfileSelector
LogPluginManager: Mounting plugin AndroidMoviePlayer
LogPluginManager: Mounting plugin AndroidPermission
LogPluginManager: Mounting plugin AppleARKit
LogPluginManager: Mounting plugin AppleMoviePlayer
LogPluginManager: Mounting plugin ArchVisCharacter
LogPluginManager: Mounting plugin CableComponent
LogPluginManager: Mounting plugin CustomMeshComponent
LogPluginManager: Mounting plugin ExampleDeviceProfileSelector
LogPluginManager: Mounting plugin GoogleCloudMessaging
LogPluginManager: Mounting plugin ImmediatePhysics
LogPluginManager: Mounting plugin IOSDeviceProfileSelector
LogPluginManager: Mounting plugin LinuxDeviceProfileSelector
LogPluginManager: Mounting plugin LocationServicesBPLibrary
LogPluginManager: Mounting plugin MobilePatchingUtils
LogPluginManager: Mounting plugin OculusVR
LogPluginManager: Plugin shader directory ../../../Engine/Plugins/Runtime/Oculus/OculusVR/Shaders found
LogPluginManager: Mapping shader source directory ../../../Engine/Plugins/Runtime/Oculus/OculusVR/Shaders to virtual directory /Plugin/OculusVR
LogPluginManager: Mounting plugin PhysXVehicles
LogPluginManager: Mounting plugin ProceduralMeshComponent
LogPluginManager: Mounting plugin RuntimePhysXCooking
LogPluginManager: Mounting plugin SteamVR
LogPluginManager: Mounting plugin WindowsMoviePlayer
LogModuleManager: Display: Found up-to-date module file ../../../../../../Users/tkumazawa/Documents/Studio-2-Project/Binaries/Win64/UE4Editor-Studio2Project.dll (API version 3709383).
LogModuleManager: Display: Found up-to-date module file ../../../Engine/Plugins/2D/Paper2D/Binaries/Win64/UE4Editor-Paper2D.dll (API version 3709383).
LogModuleManager: Display: Found up-to-date module file ../../../Engine/Plugins/2D/Paper2D/Binaries/Win64/UE4Editor-Paper2DEditor.dll (API version 3709383).
LogModuleManager: Display: Found up-to-date module file ../../../Engine/Plugins/2D/Paper2D/Binaries/Win64/UE4Editor-PaperSpriteSheetImporter.dll (API version 3709383).
LogModuleManager: Display: Found up-to-date module file ../../../Engine/Plugins/2D/Paper2D/Binaries/Win64/UE4Editor-PaperTiledImporter.dll (API version 3709383).
LogModuleManager: Display: Found up-to-date module file ../../../Engine/Plugins/2D/Paper2D/Binaries/Win64/UE4Editor-SmartSnapping.dll (API version 3709383).
LogModuleManager: Display: Found up-to-date module file ../../../Engine/Plugins/Blendables/LightPropagationVolume/Binaries/Win64/UE4Editor-LightPropagationVolumeRuntime.dll (API version 3709383).
LogModuleManager: Display: Found up-to-date module file ../../../Engine/Plugins/Blendables/LightPropagationVolume/Binaries/Win64/UE4Editor-LightPropagationVolumeEditor.dll (API version 3709383).
LogModuleManager: Display: Found up-to-date module file ../../../Engine/Plugins/Developer/GitSourceControl/Binaries/Win64/UE4Editor-GitSourceControl.dll (API version 3709383).
LogModuleManager: Display: Found up-to-date module file ../../../Engine/Plugins/Developer/PerforceSourceControl/Binaries/Win64/UE4Editor-PerforceSourceControl.dll (API version 3709383).
LogModuleManager: Display: Found up-to-date module file ../../../Engine/Plugins/Developer/SubversionSourceControl/Binaries/Win64/UE4Editor-SubversionSourceControl.dll (API version 3709383).
LogModuleManager: Display: Found up-to-date module file ../../../Engine/Plugins/Developer/UObjectPlugin/Binaries/Win64/UE4Editor-UObjectPlugin.dll (API version 3709383).
LogModuleManager: Display: Found up-to-date module file ../../../Engine/Plugins/Developer/VisualStudioCodeSourceCodeAccess/Binaries/Win64/UE4Editor-VisualStudioCodeSourceCodeAccess.dll (API version 3709383).
LogModuleManager: Display: Found up-to-date module file ../../../Engine/Plugins/Developer/VisualStudioSourceCodeAccess/Binaries/Win64/UE4Editor-VisualStudioSourceCodeAccess.dll (API version 3709383).
LogModuleManager: Display: Found up-to-date module file ../../../Engine/Plugins/Editor/AssetManagerEditor/Binaries/Win64/UE4Editor-AssetManagerEditor.dll (API version 3709383).
LogModuleManager: Display: Found up-to-date module file ../../../Engine/Plugins/Editor/AudioCapture/Binaries/Win64/UE4Editor-AudioCapture.dll (API version 3709383).
LogModuleManager: Display: Found up-to-date module file ../../../Engine/Plugins/Editor/FacialAnimation/Binaries/Win64/UE4Editor-FacialAnimation.dll (API version 3709383).
LogModuleManager: Display: Found up-to-date module file ../../../Engine/Plugins/Editor/FacialAnimation/Binaries/Win64/UE4Editor-FacialAnimationEditor.dll (API version 3709383).
LogModuleManager: Display: Found up-to-date module file ../../../Engine/Plugins/Editor/GameplayTagsEditor/Binaries/Win64/UE4Editor-GameplayTagsEditor.dll (API version 3709383).
LogModuleManager: Display: Found up-to-date module file ../../../Engine/Plugins/Editor/MobileLauncherProfileWizard/Binaries/Win64/UE4Editor-MobileLauncherProfileWizard.dll (API version 3709383).
LogModuleManager: Display: Found up-to-date module file ../../../Engine/Plugins/Editor/PluginBrowser/Binaries/Win64/UE4Editor-PluginBrowser.dll (API version 3709383).
LogModuleManager: Display: Found up-to-date module file ../../../Engine/Plugins/Editor/SpeedTreeImporter/Binaries/Win64/UE4Editor-SpeedTreeImporter.dll (API version 3709383).
LogModuleManager: Display: Found up-to-date module file ../../../Engine/Plugins/Experimental/AlembicImporter/Binaries/Win64/UE4Editor-AlembicImporter.dll (API version 3709383).
LogModuleManager: Display: Found up-to-date module file ../../../Engine/Plugins/Experimental/AlembicImporter/Binaries/Win64/UE4Editor-AlembicLibrary.dll (API version 3709383).
LogModuleManager: Display: Found up-to-date module file ../../../Engine/Plugins/Experimental/CharacterAI/Binaries/Win64/UE4Editor-CharacterAI.dll (API version 3709383).
LogModuleManager: Display: Found up-to-date module file ../../../Engine/Plugins/Experimental/HTML5Networking/Binaries/Win64/UE4Editor-HTML5Networking.dll (API version 3709383).
LogModuleManager: Display: Found up-to-date module file ../../../Engine/Plugins/Media/AndroidMedia/Binaries/Win64/UE4Editor-AndroidMediaEditor.dll (API version 3709383).
LogModuleManager: Display: Found up-to-date module file ../../../Engine/Plugins/Media/AndroidMedia/Binaries/Win64/UE4Editor-AndroidMediaFactory.dll (API version 3709383).
LogModuleManager: Display: Found up-to-date module file ../../../Engine/Plugins/Media/AvfMedia/Binaries/Win64/UE4Editor-AvfMediaEditor.dll (API version 3709383).
LogModuleManager: Display: Found up-to-date module file ../../../Engine/Plugins/Media/AvfMedia/Binaries/Win64/UE4Editor-AvfMediaFactory.dll (API version 3709383).
LogModuleManager: Display: Found up-to-date module file ../../../Engine/Plugins/Media/AvfMedia/Binaries/Win64/UE4Editor-AvfMediaFactory.dll (API version 3709383).
LogModuleManager: Display: Found up-to-date module file ../../../Engine/Plugins/Media/ImgMedia/Binaries/Win64/UE4Editor-ImgMedia.dll (API version 3709383).
LogModuleManager: Display: Found up-to-date module file ../../../Engine/Plugins/Media/ImgMedia/Binaries/Win64/UE4Editor-ImgMediaEditor.dll (API version 3709383).
LogModuleManager: Display: Found up-to-date module file ../../../Engine/Plugins/Media/ImgMedia/Binaries/Win64/UE4Editor-ImgMediaFactory.dll (API version 3709383).
LogModuleManager: Display: Found up-to-date module file ../../../Engine/Plugins/Media/ImgMedia/Binaries/Win64/UE4Editor-ImgMediaFactory.dll (API version 3709383).
LogModuleManager: Display: Found up-to-date module file ../../../Engine/Plugins/Media/ImgMedia/Binaries/Win64/UE4Editor-OpenExrWrapper.dll (API version 3709383).
LogModuleManager: Display: Found up-to-date module file ../../../Engine/Plugins/Media/MediaCompositing/Binaries/Win64/UE4Editor-MediaCompositing.dll (API version 3709383).
LogModuleManager: Display: Found up-to-date module file ../../../Engine/Plugins/Media/MediaCompositing/Binaries/Win64/UE4Editor-MediaCompositingEditor.dll (API version 3709383).
LogModuleManager: Display: Found up-to-date module file ../../../Engine/Plugins/Media/MediaPlayerEditor/Binaries/Win64/UE4Editor-MediaPlayerEditor.dll (API version 3709383).
LogModuleManager: Display: Found up-to-date module file ../../../Engine/Plugins/Media/WmfMedia/Binaries/Win64/UE4Editor-WmfMedia.dll (API version 3709383).
LogModuleManager: Display: Found up-to-date module file ../../../Engine/Plugins/Media/WmfMedia/Binaries/Win64/UE4Editor-WmfMediaEditor.dll (API version 3709383).
LogModuleManager: Display: Found up-to-date module file ../../../Engine/Plugins/Media/WmfMedia/Binaries/Win64/UE4Editor-WmfMediaFactory.dll (API version 3709383).
LogModuleManager: Display: Found up-to-date module file ../../../Engine/Plugins/Media/WmfMedia/Binaries/Win64/UE4Editor-WmfMediaFactory.dll (API version 3709383).
LogModuleManager: Display: Found up-to-date module file ../../../Engine/Plugins/Messaging/TcpMessaging/Binaries/Win64/UE4Editor-TcpMessaging.dll (API version 3709383).
LogModuleManager: Display: Found up-to-date module file ../../../Engine/Plugins/Messaging/UdpMessaging/Binaries/Win64/UE4Editor-UdpMessaging.dll (API version 3709383).
LogModuleManager: Display: Found up-to-date module file ../../../Engine/Plugins/MovieScene/ActorSequence/Binaries/Win64/UE4Editor-ActorSequence.dll (API version 3709383).
LogModuleManager: Display: Found up-to-date module file ../../../Engine/Plugins/MovieScene/LevelSequenceEditor/Binaries/Win64/UE4Editor-LevelSequenceEditor.dll (API version 3709383).
LogModuleManager: Display: Found up-to-date module file ../../../Engine/Plugins/MovieScene/MatineeToLevelSequence/Binaries/Win64/UE4Editor-MatineeToLevelSequence.dll (API version 3709383).
LogModuleManager: Display: Found up-to-date module file ../../../Engine/Plugins/Online/OnlineSubsystem/Binaries/Win64/UE4Editor-OnlineSubsystem.dll (API version 3709383).
LogModuleManager: Display: Found up-to-date module file ../../../Engine/Plugins/Online/OnlineSubsystemNull/Binaries/Win64/UE4Editor-OnlineSubsystemNull.dll (API version 3709383).
LogModuleManager: Display: Found up-to-date module file ../../../Engine/Plugins/Online/OnlineSubsystemUtils/Binaries/Win64/UE4Editor-OnlineSubsystemUtils.dll (API version 3709383).
LogModuleManager: Display: Found up-to-date module file ../../../Engine/Plugins/Online/OnlineSubsystemUtils/Binaries/Win64/UE4Editor-OnlineBlueprintSupport.dll (API version 3709383).
LogModuleManager: Display: Found up-to-date module file ../../../Engine/Plugins/Runtime/AndroidDeviceProfileSelector/Binaries/Win64/UE4Editor-AndroidDeviceProfileSelector.dll (API version 3709383).
LogModuleManager: Display: Found up-to-date module file ../../../Engine/Plugins/Runtime/AndroidPermission/Binaries/Win64/UE4Editor-AndroidPermission.dll (API version 3709383).
LogModuleManager: Display: Found up-to-date module file ../../../Engine/Plugins/Runtime/AppleARKit/Binaries/Win64/UE4Editor-AppleARKit.dll (API version 3709383).
LogModuleManager: Display: Found up-to-date module file ../../../Engine/Plugins/Runtime/ArchVisCharacter/Binaries/Win64/UE4Editor-ArchVisCharacter.dll (API version 3709383).
LogModuleManager: Display: Found up-to-date module file ../../../Engine/Plugins/Runtime/CableComponent/Binaries/Win64/UE4Editor-CableComponent.dll (API version 3709383).
LogModuleManager: Display: Found up-to-date module file ../../../Engine/Plugins/Runtime/CustomMeshComponent/Binaries/Win64/UE4Editor-CustomMeshComponent.dll (API version 3709383).
LogModuleManager: Display: Found up-to-date module file ../../../Engine/Plugins/Runtime/ExampleDeviceProfileSelector/Binaries/Win64/UE4Editor-ExampleDeviceProfileSelector.dll (API version 3709383).
LogModuleManager: Display: Found up-to-date module file ../../../Engine/Plugins/Runtime/ImmediatePhysics/Binaries/Win64/UE4Editor-ImmediatePhysics.dll (API version 3709383).
LogModuleManager: Display: Found up-to-date module file ../../../Engine/Plugins/Runtime/ImmediatePhysics/Binaries/Win64/UE4Editor-ImmediatePhysicsEditor.dll (API version 3709383).
LogModuleManager: Display: Found up-to-date module file ../../../Engine/Plugins/Runtime/LocationServicesBPLibrary/Binaries/Win64/UE4Editor-LocationServicesBPLibrary.dll (API version 3709383).
LogModuleManager: Display: Found up-to-date module file ../../../Engine/Plugins/Runtime/MobilePatchingUtils/Binaries/Win64/UE4Editor-MobilePatchingUtils.dll (API version 3709383).
LogModuleManager: Display: Found up-to-date module file ../../../Engine/Plugins/Runtime/Oculus/OculusVR/Binaries/Win64/UE4Editor-OculusHMD.dll (API version 3709383).
LogModuleManager: Display: Found up-to-date module file ../../../Engine/Plugins/Runtime/Oculus/OculusVR/Binaries/Win64/UE4Editor-OculusInput.dll (API version 3709383).
LogModuleManager: Display: Found up-to-date module file ../../../Engine/Plugins/Runtime/Oculus/OculusVR/Binaries/Win64/UE4Editor-OculusEditor.dll (API version 3709383).
LogModuleManager: Display: Found up-to-date module file ../../../Engine/Plugins/Runtime/PhysXVehicles/Binaries/Win64/UE4Editor-PhysXVehicles.dll (API version 3709383).
LogModuleManager: Display: Found up-to-date module file ../../../Engine/Plugins/Runtime/PhysXVehicles/Binaries/Win64/UE4Editor-PhysXVehiclesEditor.dll (API version 3709383).
LogModuleManager: Display: Found up-to-date module file ../../../Engine/Plugins/Runtime/ProceduralMeshComponent/Binaries/Win64/UE4Editor-ProceduralMeshComponent.dll (API version 3709383).
LogModuleManager: Display: Found up-to-date module file ../../../Engine/Plugins/Runtime/ProceduralMeshComponent/Binaries/Win64/UE4Editor-ProceduralMeshComponentEditor.dll (API version 3709383).
LogModuleManager: Display: Found up-to-date module file ../../../Engine/Plugins/Runtime/RuntimePhysXCooking/Binaries/Win64/UE4Editor-RuntimePhysXCooking.dll (API version 3709383).
LogModuleManager: Display: Found up-to-date module file ../../../Engine/Plugins/Runtime/Steam/SteamVR/Binaries/Win64/UE4Editor-SteamVR.dll (API version 3709383).
LogModuleManager: Display: Found up-to-date module file ../../../Engine/Plugins/Runtime/Steam/SteamVR/Binaries/Win64/UE4Editor-SteamVRController.dll (API version 3709383).
LogModuleManager: Display: Found up-to-date module file ../../../Engine/Plugins/Runtime/WindowsMoviePlayer/Binaries/Win64/UE4Editor-WindowsMoviePlayer.dll (API version 3709383).
LogInit: Using libcurl 7.47.1
LogInit:  - built for x86_64-pc-win32
LogInit:  - supports SSL with OpenSSL/1.0.2g
LogInit:  - supports HTTP deflate (compression) using libz 1.2.8
LogInit:  - other features:
LogInit:      CURL_VERSION_SSL
LogInit:      CURL_VERSION_LIBZ
LogInit:      CURL_VERSION_IPV6
LogInit:      CURL_VERSION_ASYNCHDNS
LogInit:      CURL_VERSION_LARGEFILE
LogInit:      CURL_VERSION_IDN
LogInit:  CurlRequestOptions (configurable via config and command line):
LogInit:  - bVerifyPeer = false  - Libcurl will NOT verify peer certificate
LogInit:  - bUseHttpProxy = false  - Libcurl will NOT use HTTP proxy
LogInit:  - bDontReuseConnections = false  - Libcurl will reuse connections
LogInit:  - CertBundlePath = nullptr  - Libcurl will use whatever was configured at build time.
LogHMD: Failed initializing OVRPlugin 1.19.0
LogInit: Build: ++UE4+Release-4.18-CL-3832480
LogInit: Engine Version: 4.18.3-3832480+++UE4+Release-4.18
LogInit: Compatible Engine Version: 4.18.0-3709383+++UE4+Release-4.18
LogInit: Net CL: 3709383
LogDevObjectVersion: Number of dev versions registered: 16
LogDevObjectVersion:   Dev-Blueprints (B0D832E4-1F89-4F0D-ACCF-7EB736FD4AA2): 10
LogDevObjectVersion:   Dev-Build (E1C64328-A22C-4D53-A36C-8E866417BD8C): 0
LogDevObjectVersion:   Dev-Core (375EC13C-06E4-48FB-B500-84F0262A717E): 2
LogDevObjectVersion:   Dev-Editor (E4B068ED-F494-42E9-A231-DA0B2E46BB41): 20
LogDevObjectVersion:   Dev-Framework (CFFC743F-43B0-4480-9391-14DF171D2073): 30
LogDevObjectVersion:   Dev-Mobile (B02B49B5-BB20-44E9-A304-32B752E40360): 0
LogDevObjectVersion:   Dev-Networking (A4E4105C-59A1-49B5-A7C5-40C4547EDFEE): 0
LogDevObjectVersion:   Dev-Online (39C831C9-5AE6-47DC-9A44-9C173E1C8E7C): 0
LogDevObjectVersion:   Dev-Physics (78F01B33-EBEA-4F98-B9B4-84EACCB95AA2): 0
LogDevObjectVersion:   Dev-Platform (6631380F-2D4D-43E0-8009-CF276956A95A): 0
LogDevObjectVersion:   Dev-Rendering (12F88B9F-8875-4AFC-A67C-D90C383ABD29): 20
LogDevObjectVersion:   Dev-Sequencer (7B5AE74C-D270-4C10-A958-57980B212A5A): 4
LogDevObjectVersion:   Dev-VR (D7296918-1DD6-4BDD-9DE2-64A83CC13884): 0
LogDevObjectVersion:   Dev-LoadTimes (C2A15278-BFE7-4AFE-6C17-90FF531DF755): 1
LogDevObjectVersion:   Private-Geometry (6EACA3D4-40EC-4CC1-B786-8BED09428FC5): 1
LogDevObjectVersion:   Dev-AnimPhys (29E575DD-E0A3-4627-9D10-D276232CDCEA): 12
LogInit: Compiled (64-bit): Jan 12 2018 02:04:55
LogInit: Compiled with Visual C++: 19.00.24215.01
LogInit: Build Configuration: Development
LogInit: Branch Name: ++UE4+Release-4.18
LogInit: Command line:  
LogInit: Base directory: C:/Program Files/Epic Games/UE_4.18/Engine/Binaries/Win64/
LogInit: Installed Engine Build: 1
LogInit: Presizing for max 8388607 objects, including 0 objects not considered by GC, pre-allocating 0 bytes for permanent pool.
LogInit: Object subsystem initialized
[2018.02.26-03.42.01:696][  0]LogInit: Selected Device Profile: [Windows]
[2018.02.26-03.42.01:696][  0]LogInit: Applying CVar settings loaded from the selected device profile: [Windows]
[2018.02.26-03.42.01:711][  0]LogInit: Computer: SYD-R102-PC02
[2018.02.26-03.42.01:711][  0]LogInit: User: tkumazawa
[2018.02.26-03.42.01:711][  0]LogInit: CPU Page size=4096, Cores=4
[2018.02.26-03.42.01:711][  0]LogInit: High frequency timer resolution =3.328125 MHz
[2018.02.26-03.42.01:711][  0]LogMemory: Memory total: Physical=31.9GB (32GB approx)
[2018.02.26-03.42.01:711][  0]LogMemory: Platform Memory Stats for Windows
[2018.02.26-03.42.01:711][  0]LogMemory: Process Physical Memory: 278.00 MB used, 278.00 MB peak
[2018.02.26-03.42.01:711][  0]LogMemory: Process Virtual Memory: 273.97 MB used, 273.97 MB peak
[2018.02.26-03.42.01:711][  0]LogMemory: Physical Memory: 4365.35 MB used,  28317.81 MB free, 32683.16 MB total
[2018.02.26-03.42.01:711][  0]LogMemory: Virtual Memory: 728.73 MB used,  28317.81 MB free, 134217728.00 MB total
[2018.02.26-03.42.01:957][  0]LogInit: Using OS detected language (en-US).
[2018.02.26-03.42.01:957][  0]LogInit: Using OS detected locale (en-AU).
[2018.02.26-03.42.01:967][  0]LogTextLocalizationManager: No specific localization for 'en-US' exists, so the 'en' localization will be used.
[2018.02.26-03.42.02:362][  0]LogInit: Setting process to per monitor DPI aware
[2018.02.26-03.42.02:803][  0]LogD3D11RHI: D3D11 adapters:
[2018.02.26-03.42.02:831][  0]LogD3D11RHI:    0. 'NVIDIA GeForce GTX 980' (Feature Level 11_0)
[2018.02.26-03.42.02:831][  0]LogD3D11RHI:       4060/0/16341 MB DedicatedVideo/DedicatedSystem/SharedSystem, Outputs:1, VendorId:0x10de
[2018.02.26-03.42.02:833][  0]LogD3D11RHI:    1. 'Microsoft Basic Render Driver' (Feature Level 11_0)
[2018.02.26-03.42.02:833][  0]LogD3D11RHI:       0/0/16341 MB DedicatedVideo/DedicatedSystem/SharedSystem, Outputs:0, VendorId:0x1414
[2018.02.26-03.42.02:833][  0]LogD3D11RHI: Chosen D3D11 Adapter: 0
[2018.02.26-03.42.02:839][  0]LogD3D11RHI: Creating new Direct3DDevice
[2018.02.26-03.42.02:839][  0]LogD3D11RHI:     GPU DeviceId: 0x13c0 (for the marketing name, search the web for "GPU Device Id")
[2018.02.26-03.42.02:839][  0]LogWindows: EnumDisplayDevices:
[2018.02.26-03.42.02:839][  0]LogWindows:    0. 'NVIDIA GeForce GTX 980' (P:1 D:1)
[2018.02.26-03.42.02:839][  0]LogWindows:    1. 'NVIDIA GeForce GTX 980' (P:0 D:0)
[2018.02.26-03.42.02:839][  0]LogWindows:    2. 'NVIDIA GeForce GTX 980' (P:0 D:0)
[2018.02.26-03.42.02:839][  0]LogWindows:    3. 'NVIDIA GeForce GTX 980' (P:0 D:0)
[2018.02.26-03.42.02:839][  0]LogWindows: DebugString: GetVideoDriverDetailsInvalid PrimaryIsNotTheChoosenAdapter GetVideoDriverDetailsInvalid PrimaryIsNotTheChoosenAdapter GetVideoDriverDetailsInvalid PrimaryIsNotTheChoosenAdapter GetVideoDriverDetailsInvalid PrimaryIsNotTheChoosenAdapter FoundDriverCount:0 
[2018.02.26-03.42.02:840][  0]LogD3D11RHI:     Adapter Name: NVIDIA GeForce GTX 980
[2018.02.26-03.42.02:840][  0]LogD3D11RHI:   Driver Version: Unknown (internal:Unknown, unified:Unknown)
[2018.02.26-03.42.02:840][  0]LogD3D11RHI:      Driver Date: Unknown
[2018.02.26-03.42.02:840][  0]LogRHI: Texture pool is 2842 MB (70% of 4060 MB)
[2018.02.26-03.42.02:860][  0]LogD3D11RHI: Async texture creation enabled
[2018.02.26-03.42.02:892][  0]LogD3D11RHI: GPU Timing Frequency: 1000.000000 (Debug: 2 1)
[2018.02.26-03.42.02:942][  0]LogShaderCompilers: Guid format shader working directory is -11 characters bigger than the processId version (../../../../../../Users/tkumazawa/Documents/Studio-2-Project/Intermediate/Shaders/WorkingDirectory/14508/).
[2018.02.26-03.42.02:942][  0]LogShaderCompilers: Cleaned the shader compiler working directory 'C:/Users/tkumazawa/AppData/Local/Temp/UnrealShaderWorkingDir/E7CDBF7A4692D43993F8EA885E359D5C/'.
[2018.02.26-03.42.02:942][  0]LogShaderCompilers: Display: Using Local Shader Compiler.
[2018.02.26-03.42.04:063][  0]LogTemp: Display: Loaded TP AllDesktopTargetPlatform
[2018.02.26-03.42.04:120][  0]LogTemp: Display: Loaded TP MacClientTargetPlatform
[2018.02.26-03.42.04:179][  0]LogTemp: Display: Loaded TP MacNoEditorTargetPlatform
[2018.02.26-03.42.04:233][  0]LogTemp: Display: Loaded TP MacServerTargetPlatform
[2018.02.26-03.42.04:287][  0]LogTemp: Display: Loaded TP MacTargetPlatform
[2018.02.26-03.42.04:343][  0]LogTemp: Display: Loaded TP WindowsClientTargetPlatform
[2018.02.26-03.42.04:403][  0]LogTemp: Display: Loaded TP WindowsNoEditorTargetPlatform
[2018.02.26-03.42.04:493][  0]LogTemp: Display: Loaded TP WindowsServerTargetPlatform
[2018.02.26-03.42.04:547][  0]LogTemp: Display: Loaded TP WindowsTargetPlatform
[2018.02.26-03.42.04:604][  0]LogTemp: Display: Loaded TP Android_ASTCTargetPlatform
[2018.02.26-03.42.04:665][  0]LogTemp: Display: Loaded TP Android_ATCTargetPlatform
[2018.02.26-03.42.04:721][  0]LogTemp: Display: Loaded TP Android_DXTTargetPlatform
[2018.02.26-03.42.04:778][  0]LogTemp: Display: Loaded TP Android_ETC1TargetPlatform
[2018.02.26-03.42.04:837][  0]LogTemp: Display: Loaded TP Android_ETC2TargetPlatform
[2018.02.26-03.42.04:948][  0]LogTemp: Display: Loaded TP Android_MultiTargetPlatform
[2018.02.26-03.42.04:948][  0]LogTemp: Display: Loaded TP Android_PVRTCTargetPlatform
[2018.02.26-03.42.05:010][  0]LogTemp: Display: Loaded TP AndroidTargetPlatform
[2018.02.26-03.42.05:058][  0]LogTemp: Display: Loaded TP HTML5TargetPlatform
[2018.02.26-03.42.05:168][  0]LogTemp: Display: Loaded TP IOSTargetPlatform
[2018.02.26-03.42.05:204][  0]LogTemp: Display: Loaded TP TVOSTargetPlatform
[2018.02.26-03.42.05:260][  0]LogTemp: Display: Loaded TP LinuxClientTargetPlatform
[2018.02.26-03.42.05:315][  0]LogTemp: Display: Loaded TP LinuxNoEditorTargetPlatform
[2018.02.26-03.42.05:375][  0]LogTemp: Display: Loaded TP LinuxServerTargetPlatform
[2018.02.26-03.42.05:435][  0]LogTemp: Display: Loaded TP LinuxTargetPlatform
[2018.02.26-03.42.05:435][  0]LogTargetPlatformManager: Display: Building Assets For Windows
[2018.02.26-03.42.06:096][  0]LogDerivedDataCache: Display: Max Cache Size: 512 MB
[2018.02.26-03.42.06:324][  0]LogDerivedDataCache: Loaded boot cache 0.23s 79MB C:/Users/tkumazawa/AppData/Local/UnrealEngine/4.18/DerivedDataCache/Boot.ddc.
[2018.02.26-03.42.06:325][  0]LogDerivedDataCache: Display: Loaded Boot cache: C:/Users/tkumazawa/AppData/Local/UnrealEngine/4.18/DerivedDataCache/Boot.ddc
[2018.02.26-03.42.06:325][  0]LogDerivedDataCache: FDerivedDataBackendGraph:  Pak pak cache file ../../../../../../Users/tkumazawa/Documents/Studio-2-Project/DerivedDataCache/DDC.ddp not found, will not use a pak cache.
[2018.02.26-03.42.06:325][  0]LogDerivedDataCache: Unable to find inner node Pak for hierarchical cache Hierarchy.
[2018.02.26-03.42.06:325][  0]LogDerivedDataCache: FDerivedDataBackendGraph:  CompressedPak pak cache file ../../../../../../Users/tkumazawa/Documents/Studio-2-Project/DerivedDataCache/Compressed.ddp not found, will not use a pak cache.
[2018.02.26-03.42.06:325][  0]LogDerivedDataCache: Unable to find inner node CompressedPak for hierarchical cache Hierarchy.
[2018.02.26-03.42.06:342][  0]LogDerivedDataCache: Display: Pak cache opened for reading ../../../Engine/DerivedDataCache/Compressed.ddp.
[2018.02.26-03.42.06:356][  0]LogDerivedDataCache: Using Local data cache path C:/Users/tkumazawa/AppData/Local/UnrealEngine/Common/DerivedDataCache: Writable
[2018.02.26-03.42.06:367][  0]LogMaterial: Verifying Global Shaders for PCD3D_SM5
[2018.02.26-03.42.06:373][  0]LogSlate: Using Freetype 2.6.0
[2018.02.26-03.42.06:376][  0]LogSlate: SlateFontCache - WITH_FREETYPE: 1, WITH_HARFBUZZ: 1
[2018.02.26-03.42.06:376][  0]LogSlate: SlateFontCache - WITH_FREETYPE: 1, WITH_HARFBUZZ: 1
[2018.02.26-03.42.07:162][  0]LogInit: Selected Device Profile: [Windows]
[2018.02.26-03.42.07:620][  0]LogSimplygon: Simplygon DLL not present - disabling.
[2018.02.26-03.42.07:673][  0]LogMeshReduction: Using SimplygonSwarm for distributed automatic mesh merging
[2018.02.26-03.42.07:673][  0]LogMeshReduction: Using QuadricMeshReduction for automatic static mesh reduction
[2018.02.26-03.42.07:673][  0]LogMeshReduction: No automatic skeletal mesh reduction module available
[2018.02.26-03.42.07:673][  0]LogMeshReduction: No automatic mesh merging module available
[2018.02.26-03.42.07:673][  0]LogMeshMerging: No automatic mesh merging module available
[2018.02.26-03.42.07:716][  0]LogNetVersion: Studio2Project , NetCL: 3709383, EngineNetVer: 2, GameNetVer: 0 (Checksum: 3262757408)
[2018.02.26-03.42.07:968][  0]LogAssetRegistry: FAssetRegistry took 0.0291 seconds to start up
[2018.02.26-03.42.08:638][  0]LogPackageLocalizationCache: Processed 7 localized package path(s) for 2 prioritized culture(s) in 0.068815 seconds
[2018.02.26-03.42.08:643][  0]LogUObjectArray: 35870 objects as part of root set at end of initial load.
[2018.02.26-03.42.08:643][  0]LogUObjectAllocator: 7363696 out of 0 bytes used by permanent object pool.
[2018.02.26-03.42.08:643][  0]LogUObjectArray: CloseDisregardForGC: 0/0 objects in disregard for GC pool
[2018.02.26-03.42.08:704][  0]LogInit: WinSock: version 1.1 (2.2), MaxSocks=32767, MaxUdp=65467
[2018.02.26-03.42.12:587][  0]LogTcpMessaging: Initializing TcpMessaging bridge
[2018.02.26-03.42.12:635][  0]LogUdpMessaging: Initializing bridge on interface 0.0.0.0:0 to multicast group 230.0.0.1:6666.
[2018.02.26-03.42.13:777][  0]LogMaterial: Uniform references updated for custom material expression Custom.
[2018.02.26-03.42.14:288][  0]SourceControl: Source control is disabled
[2018.02.26-03.42.14:288][  0]SourceControl: Source control is disabled
[2018.02.26-03.42.14:359][  0]SourceControl: Source control is disabled
[2018.02.26-03.42.14:421][  0]SourceControl: Source control is disabled
[2018.02.26-03.42.15:424][  0]LogAndroidPermission: UAndroidPermissionCallbackProxy::GetInstance
[2018.02.26-03.42.15:729][  0]LogOcInput: OculusInput pre-init called
[2018.02.26-03.42.16:043][  0]LogEngine: Initializing Engine...
[2018.02.26-03.42.16:047][  0]LogHMD: Failed to initialize OpenVR with code 110
[2018.02.26-03.42.16:273][  0]LogStats: UGameplayTagsManager::ConstructGameplayTagTree: Construct from data asset -  0.000 s
[2018.02.26-03.42.16:273][  0]LogStats: UGameplayTagsManager::ConstructGameplayTagTree: GameplayTagTreeChangedEvent.Broadcast -  0.000 s
[2018.02.26-03.42.16:446][  0]LogAIModule: Creating AISystem for world Untitled
[2018.02.26-03.42.16:470][  0]LogInit: XAudio2 using 'Speakers (Realtek High Definition Audio)' : 2 channels at 48 kHz using 32 bits per sample (channel mask 0x3)
[2018.02.26-03.42.16:521][  0]LogInit: FAudioDevice initialized.
[2018.02.26-03.42.16:608][  0]LogDerivedDataCache: Saved boot cache 0.09s 79MB C:/Users/tkumazawa/AppData/Local/UnrealEngine/4.18/DerivedDataCache/Boot.ddc.
[2018.02.26-03.42.16:619][  0]LogInit: Texture streaming: Enabled
[2018.02.26-03.42.16:754][  0]LogEngineSessionManager: EngineSessionManager initialized
[2018.02.26-03.42.16:905][  0]LogInit: Transaction tracking system initialized
[2018.02.26-03.42.17:304][  0]BlueprintLog: New page: Editor Load
[2018.02.26-03.42.18:430][  0]LocalizationService: Localization service is disabled
[2018.02.26-03.42.19:294][  0]LogConsoleResponse: Display: 
[2018.02.26-03.42.19:520][  0]LogFileCache: Scanning file cache for directory 'C:/Users/tkumazawa/Documents/Studio-2-Project/Content/' took 0.01s
[2018.02.26-03.42.19:520][  0]LogCook: Display: Max memory allowance for cook 16384mb min free memory 0mb
[2018.02.26-03.42.19:520][  0]LogCook: Display: Mobile HDR setting 1
[2018.02.26-03.42.19:520][  0]LogGameplayTags: Display: UGameplayTagsManager::DoneAddingNativeTags. DelegateIsBound: 0
[2018.02.26-03.42.20:970][  0]SourceControl: Source control is disabled
[2018.02.26-03.42.20:973][  0]Cmd: MAP LOAD FILE="../../../../../../Users/tkumazawa/Documents/Studio-2-Project/Content/TopDownCPP/Maps/TopDownExampleMap.umap" TEMPLATE=0 SHOWPROGRESS=1 FEATURELEVEL=3
[2018.02.26-03.42.20:974][  0]LightingResults: New page: Lighting Build
[2018.02.26-03.42.21:028][  0]MapCheck: New page: Map Check
[2018.02.26-03.42.21:028][  0]LightingResults: New page: Lighting Build
[2018.02.26-03.42.21:213][  0]LogAIModule: Creating AISystem for world TopDownExampleMap
[2018.02.26-03.42.21:230][  0]LogEditorServer: Finished looking for orphan Actors (0.000 secs)
[2018.02.26-03.42.21:242][  0]Cmd: MAP CHECKDEP NOCLEARLOG
[2018.02.26-03.42.21:303][  0]MapCheck: Map check complete: 0 Error(s), 0 Warning(s), took 60.488ms to complete.
[2018.02.26-03.42.21:303][  0]LogFileHelpers: Loading map 'TopDownExampleMap' took 0.332
[2018.02.26-03.42.21:495][  0]LogCollectionManager: Loaded 0 collections in 0.001516 seconds
[2018.02.26-03.42.21:599][  0]LogFileCache: Scanning file cache for directory 'C:/Users/tkumazawa/Documents/Studio-2-Project/Saved/Collections/' took 0.01s
[2018.02.26-03.42.21:599][  0]LogFileCache: Scanning file cache for directory 'C:/Users/tkumazawa/Documents/Studio-2-Project/Content/Developers/tkumazawa/Collections/' took 0.01s
[2018.02.26-03.42.21:599][  0]LogFileCache: Scanning file cache for directory 'C:/Users/tkumazawa/Documents/Studio-2-Project/Content/Collections/' took 0.01s
[2018.02.26-03.42.21:599][  0]LogCollectionManager: Rebuilt the GUID cache for 0 collections in 0.000000 seconds
[2018.02.26-03.42.21:609][  0]LogContentBrowser: Native class hierarchy populated in 0.0092 seconds. Added 2366 classes and 521 folders.
[2018.02.26-03.42.21:692][  0]LogContentBrowser: Native class hierarchy updated for 'WidgetCarousel' in 0.0005 seconds. Added 0 classes and 0 folders.
[2018.02.26-03.42.21:824][  0]LogContentBrowser: Native class hierarchy updated for 'AddContentDialog' in 0.0008 seconds. Added 0 classes and 0 folders.
[2018.02.26-03.42.21:883][  0]LogContentBrowser: Native class hierarchy updated for 'SceneOutliner' in 0.0005 seconds. Added 1 classes and 2 folders.
[2018.02.26-03.42.21:986][  0]LogSlate: Took 0.001188 seconds to synchronously load lazily loaded font '../../../Engine/Content/Slate/Fonts/Roboto-Regular.ttf' (155K)
[2018.02.26-03.42.21:991][  0]LogSlate: Took 0.001297 seconds to synchronously load lazily loaded font '../../../Engine/Content/Slate/Fonts/Roboto-Bold.ttf' (160K)
[2018.02.26-03.42.21:999][  0]LogSlate: Took 0.001395 seconds to synchronously load lazily loaded font '../../../Engine/Content/Editor/Slate/Fonts/FontAwesome.ttf' (139K)
[2018.02.26-03.42.22:111][  0]LogRenderer: Reallocating scene render targets to support 1616x812 Format 10 NumSamples 1 (Frame:1).
[2018.02.26-03.42.22:310][  0]LogContentBrowser: Native class hierarchy updated for 'HierarchicalLODOutliner' in 0.0005 seconds. Added 1 classes and 2 folders.
[2018.02.26-03.42.22:310][  0]LogLoad: (Engine Initialization) Total time: 24.70 seconds
[2018.02.26-03.42.22:310][  0]LogLoad: (Engine Initialization) Total Blueprint compile time: 0.00 seconds
[2018.02.26-03.42.22:310][  0]LogExternalProfiler: Found external profiler: VSPerf
[2018.02.26-03.42.22:310][  0]LogExternalProfiler: Using external profiler: VSPerf
[2018.02.26-03.42.22:677][  0]LogContentStreaming: Texture pool size now 1000 MB
[2018.02.26-03.42.23:347][  2]LogAssetRegistry: Asset discovery search completed in 15.4026 seconds
[2018.02.26-03.42.23:349][  2]LogCollectionManager: Rebuilt the object cache for 0 collections in 0.000000 seconds (found 0 objects)
[2018.02.26-03.42.23:349][  2]LogCollectionManager: Fixed up redirectors for 0 collections in 0.000064 seconds (updated 0 objects)
[2018.02.26-03.42.26:594][387]LogEditorViewport: Clicking on Actor (LMB): StaticMeshActor (Cube8)
[2018.02.26-03.42.27:640][494]LogTemp: Repeating last play command: Selected Viewport
[2018.02.26-03.42.27:665][494]LogBlueprintUserMessages: Early PlayInEditor Detection: Level '/Game/TopDownCPP/Maps/TopDownExampleMap.TopDownExampleMap:PersistentLevel' has LevelScriptBlueprint '/Game/TopDownCPP/Maps/TopDownExampleMap.TopDownExampleMap:PersistentLevel.TopDownExampleMap' with GeneratedClass '/Game/TopDownCPP/Maps/TopDownExampleMap.TopDownExampleMap_C' with ClassGeneratedBy '/Game/TopDownCPP/Maps/TopDownExampleMap.TopDownExampleMap:PersistentLevel.TopDownExampleMap'
[2018.02.26-03.42.27:665][494]LogPlayLevel: PlayLevel: No blueprints needed recompiling
[2018.02.26-03.42.27:666][494]PIE: New page: PIE session: TopDownExampleMap (27 Feb 2018 1:42:27 am)
[2018.02.26-03.42.27:666][494]LogPlayLevel: Creating play world package: /Game/TopDownCPP/Maps/UEDPIE_0_TopDownExampleMap
[2018.02.26-03.42.27:687][494]LogPlayLevel: PIE: StaticDuplicateObject took: (0.020746s)
[2018.02.26-03.42.27:689][494]LogAIModule: Creating AISystem for world TopDownExampleMap
[2018.02.26-03.42.27:689][494]LogPlayLevel: PIE: World Init took: (0.001582s)
[2018.02.26-03.42.27:689][494]LogPlayLevel: PIE: Created PIE world by copying editor world from /Game/TopDownCPP/Maps/TopDownExampleMap.TopDownExampleMap to /Game/TopDownCPP/Maps/UEDPIE_0_TopDownExampleMap.TopDownExampleMap (0.022856s)
[2018.02.26-03.42.27:712][494]LogInit: XAudio2 using 'Speakers (Realtek High Definition Audio)' : 2 channels at 48 kHz using 32 bits per sample (channel mask 0x3)
[2018.02.26-03.42.27:723][494]LogInit: FAudioDevice initialized.
[2018.02.26-03.42.27:770][494]LogLoad: Game class is 'Studio2ProjectGameMode'
[2018.02.26-03.42.27:774][494]LogWorld: Bringing World /Game/TopDownCPP/Maps/UEDPIE_0_TopDownExampleMap.TopDownExampleMap up for play (max tick rate 0) at 2018.02.26-14.42.27
[2018.02.26-03.42.27:774][494]LogWorld: Bringing up level for play took: 0.001773
[2018.02.26-03.42.27:821][494]LogContentBrowser: Native class hierarchy updated for 'MovieSceneCapture' in 0.0006 seconds. Added 11 classes and 0 folders.
[2018.02.26-03.42.27:829][494]PIE: Play in editor start time for /Game/TopDownCPP/Maps/UEDPIE_0_TopDownExampleMap -0.343
[2018.02.26-03.42.27:829][494]LogBlueprintUserMessages: Late PlayInEditor Detection: Level '/Game/TopDownCPP/Maps/TopDownExampleMap.TopDownExampleMap:PersistentLevel' has LevelScriptBlueprint '/Game/TopDownCPP/Maps/TopDownExampleMap.TopDownExampleMap:PersistentLevel.TopDownExampleMap' with GeneratedClass '/Game/TopDownCPP/Maps/TopDownExampleMap.TopDownExampleMap_C' with ClassGeneratedBy '/Game/TopDownCPP/Maps/TopDownExampleMap.TopDownExampleMap:PersistentLevel.TopDownExampleMap'
[2018.02.26-03.42.32:192][ 13]LogBlueprintUserMessages: Early EndPlayMap Detection: Level '/Game/TopDownCPP/Maps/TopDownExampleMap.TopDownExampleMap:PersistentLevel' has LevelScriptBlueprint '/Game/TopDownCPP/Maps/TopDownExampleMap.TopDownExampleMap:PersistentLevel.TopDownExampleMap' with GeneratedClass '/Game/TopDownCPP/Maps/TopDownExampleMap.TopDownExampleMap_C' with ClassGeneratedBy '/Game/TopDownCPP/Maps/TopDownExampleMap.TopDownExampleMap:PersistentLevel.TopDownExampleMap'
[2018.02.26-03.42.32:226][ 13]LogBlueprintUserMessages: Late EndPlayMap Detection: Level '/Game/TopDownCPP/Maps/TopDownExampleMap.TopDownExampleMap:PersistentLevel' has LevelScriptBlueprint '/Game/TopDownCPP/Maps/TopDownExampleMap.TopDownExampleMap:PersistentLevel.TopDownExampleMap' with GeneratedClass '/Game/TopDownCPP/Maps/TopDownExampleMap.TopDownExampleMap_C' with ClassGeneratedBy '/Game/TopDownCPP/Maps/TopDownExampleMap.TopDownExampleMap:PersistentLevel.TopDownExampleMap'
[2018.02.26-03.42.34:401][266]LogEditorViewport: Clicking on Actor (LMB): StaticMeshActor (Cube)
[2018.02.26-03.42.35:343][372]Cmd: DELETE
[2018.02.26-03.42.35:344][372]Cmd: ACTOR DELETE
[2018.02.26-03.42.35:350][372]LogEditorActor: Deleted Actor: StaticMeshActor
[2018.02.26-03.42.35:357][372]LogEditorActor: Deleted 1 Actors (0.012 secs)
[2018.02.26-03.42.35:907][436]LogEditorViewport: Clicking on Actor (LMB): StaticMeshActor (Cube8)
[2018.02.26-03.42.35:987][439]Cmd: DELETE
[2018.02.26-03.42.35:987][439]Cmd: ACTOR DELETE
[2018.02.26-03.42.35:988][439]LogEditorActor: Deleted Actor: StaticMeshActor
[2018.02.26-03.42.35:996][439]LogEditorActor: Deleted 1 Actors (0.009 secs)
[2018.02.26-03.42.36:647][516]LogEditorViewport: Clicking on Actor (LMB): StaticMeshActor (Cube25)
[2018.02.26-03.42.36:728][519]Cmd: DELETE
[2018.02.26-03.42.36:728][519]Cmd: ACTOR DELETE
[2018.02.26-03.42.36:729][519]LogEditorActor: Deleted Actor: StaticMeshActor
[2018.02.26-03.42.36:737][519]LogEditorActor: Deleted 1 Actors (0.009 secs)
[2018.02.26-03.42.37:217][575]LogEditorViewport: Clicking on Actor (LMB): StaticMeshActor (Cube10)
[2018.02.26-03.42.37:288][577]Cmd: DELETE
[2018.02.26-03.42.37:288][577]Cmd: ACTOR DELETE
[2018.02.26-03.42.37:289][577]LogEditorActor: Deleted Actor: StaticMeshActor
[2018.02.26-03.42.37:297][577]LogEditorActor: Deleted 1 Actors (0.009 secs)
[2018.02.26-03.42.38:215][685]LogEditorViewport: Clicking on Actor (LMB): StaticMeshActor (Cube28)
[2018.02.26-03.42.38:328][692]Cmd: DELETE
[2018.02.26-03.42.38:328][692]Cmd: ACTOR DELETE
[2018.02.26-03.42.38:330][692]LogEditorActor: Deleted Actor: StaticMeshActor
[2018.02.26-03.42.38:338][692]LogEditorActor: Deleted 1 Actors (0.010 secs)
[2018.02.26-03.42.38:765][742]LogEditorViewport: Clicking on Actor (LMB): StaticMeshActor (Cube27)
[2018.02.26-03.42.38:843][745]Cmd: DELETE
[2018.02.26-03.42.38:843][745]Cmd: ACTOR DELETE
[2018.02.26-03.42.38:844][745]LogEditorActor: Deleted Actor: StaticMeshActor
[2018.02.26-03.42.38:852][745]LogEditorActor: Deleted 1 Actors (0.009 secs)
[2018.02.26-03.42.39:304][798]LogEditorViewport: Clicking on Actor (LMB): StaticMeshActor (Cube26)
[2018.02.26-03.42.39:402][803]Cmd: DELETE
[2018.02.26-03.42.39:402][803]Cmd: ACTOR DELETE
[2018.02.26-03.42.39:404][803]LogEditorActor: Deleted Actor: StaticMeshActor
[2018.02.26-03.42.39:411][803]LogEditorActor: Deleted 1 Actors (0.008 secs)
[2018.02.26-03.42.39:806][849]LogEditorViewport: Clicking on Actor (LMB): StaticMeshActor (Cube14)
[2018.02.26-03.42.39:903][854]Cmd: DELETE
[2018.02.26-03.42.39:903][854]Cmd: ACTOR DELETE
[2018.02.26-03.42.39:904][854]LogEditorActor: Deleted Actor: StaticMeshActor
[2018.02.26-03.42.39:911][854]LogEditorActor: Deleted 1 Actors (0.009 secs)
[2018.02.26-03.42.40:655][942]LogEditorViewport: Clicking on Actor (LMB): StaticMeshActor (Cube21)
[2018.02.26-03.42.40:736][945]Cmd: DELETE
[2018.02.26-03.42.40:736][945]Cmd: ACTOR DELETE
[2018.02.26-03.42.40:737][945]LogEditorActor: Deleted Actor: StaticMeshActor
[2018.02.26-03.42.40:744][945]LogEditorActor: Deleted 1 Actors (0.008 secs)
[2018.02.26-03.42.41:167][995]LogEditorViewport: Clicking on Actor (LMB): StaticMeshActor (Cube2)
[2018.02.26-03.42.41:250][998]Cmd: DELETE
[2018.02.26-03.42.41:250][998]Cmd: ACTOR DELETE
[2018.02.26-03.42.41:251][998]LogEditorActor: Deleted Actor: StaticMeshActor
[2018.02.26-03.42.41:259][998]LogEditorActor: Deleted 1 Actors (0.009 secs)
[2018.02.26-03.42.41:668][ 46]LogEditorViewport: Clicking on Actor (LMB): StaticMeshActor (Cube17)
[2018.02.26-03.42.41:733][ 47]Cmd: DELETE
[2018.02.26-03.42.41:733][ 47]Cmd: ACTOR DELETE
[2018.02.26-03.42.41:734][ 47]LogEditorActor: Deleted Actor: StaticMeshActor
[2018.02.26-03.42.41:742][ 47]LogEditorActor: Deleted 1 Actors (0.009 secs)
[2018.02.26-03.42.42:201][101]LogEditorViewport: Clicking on Actor (LMB): StaticMeshActor (Cube20)
[2018.02.26-03.42.42:298][106]Cmd: DELETE
[2018.02.26-03.42.42:298][106]Cmd: ACTOR DELETE
[2018.02.26-03.42.42:300][106]LogEditorActor: Deleted Actor: StaticMeshActor
[2018.02.26-03.42.42:307][106]LogEditorActor: Deleted 1 Actors (0.008 secs)
[2018.02.26-03.42.42:726][155]LogEditorViewport: Clicking on Actor (LMB): StaticMeshActor (Cube31)
[2018.02.26-03.42.42:873][166]Cmd: DELETE
[2018.02.26-03.42.42:873][166]Cmd: ACTOR DELETE
[2018.02.26-03.42.42:874][166]LogEditorActor: Deleted Actor: StaticMeshActor
[2018.02.26-03.42.42:882][166]LogEditorActor: Deleted 1 Actors (0.009 secs)
[2018.02.26-03.42.43:662][258]LogEditorViewport: Clicking on Actor (LMB): StaticMeshActor (Cube30)
[2018.02.26-03.42.43:774][265]Cmd: DELETE
[2018.02.26-03.42.43:774][265]Cmd: ACTOR DELETE
[2018.02.26-03.42.43:776][265]LogEditorActor: Deleted Actor: StaticMeshActor
[2018.02.26-03.42.43:783][265]LogEditorActor: Deleted 1 Actors (0.009 secs)
[2018.02.26-03.42.44:218][316]LogEditorViewport: Clicking on Actor (LMB): StaticMeshActor (Cube29)
[2018.02.26-03.42.44:298][319]Cmd: DELETE
[2018.02.26-03.42.44:298][319]Cmd: ACTOR DELETE
[2018.02.26-03.42.44:299][319]LogEditorActor: Deleted Actor: StaticMeshActor
[2018.02.26-03.42.44:308][319]LogEditorActor: Deleted 1 Actors (0.010 secs)
[2018.02.26-03.42.44:752][371]LogEditorViewport: Clicking on Actor (LMB): StaticMeshActor (Wall3)
[2018.02.26-03.42.45:249][424]Cmd: DELETE
[2018.02.26-03.42.45:249][424]Cmd: ACTOR DELETE
[2018.02.26-03.42.45:250][424]LogEditorActor: Deleted Actor: StaticMeshActor
[2018.02.26-03.42.45:258][424]LogEditorActor: Deleted 1 Actors (0.009 secs)
[2018.02.26-03.42.47:150][650]LogEditorViewport: Clicking on Actor (LMB): StaticMeshActor (Floor)
[2018.02.26-03.42.48:729][822]LogEditorViewport: Clicking on Actor (LMB): StaticMeshActor (Wall2)
[2018.02.26-03.42.49:323][887]Cmd: DELETE
[2018.02.26-03.42.49:323][887]Cmd: ACTOR DELETE
[2018.02.26-03.42.49:325][887]LogEditorActor: Deleted Actor: StaticMeshActor
[2018.02.26-03.42.49:332][887]LogEditorActor: Deleted 1 Actors (0.008 secs)
[2018.02.26-03.42.49:744][935]LogEditorViewport: Clicking on Actor (LMB): StaticMeshActor (Wall5)
[2018.02.26-03.42.49:831][939]Cmd: DELETE
[2018.02.26-03.42.49:831][939]Cmd: ACTOR DELETE
[2018.02.26-03.42.49:832][939]LogEditorActor: Deleted Actor: StaticMeshActor
[2018.02.26-03.42.49:839][939]LogEditorActor: Deleted 1 Actors (0.008 secs)
[2018.02.26-03.42.50:928][ 69]LogEditorViewport: Clicking on Actor (LMB): StaticMeshActor (Wall1)
[2018.02.26-03.42.51:206][ 96]Cmd: DELETE
[2018.02.26-03.42.51:206][ 96]Cmd: ACTOR DELETE
[2018.02.26-03.42.51:208][ 96]LogEditorActor: Deleted Actor: StaticMeshActor
[2018.02.26-03.42.51:215][ 96]LogEditorActor: Deleted 1 Actors (0.009 secs)
[2018.02.26-03.42.57:512][844]MapCheck: New page: Map Check
[2018.02.26-03.42.57:523][844]LightingResults: New page: Lighting Build - 27 Feb 2018 1:42:57 am
[2018.02.26-03.42.57:568][844]LogSwarmInterface: [OpenConnection] Registering TCP channel ...
[2018.02.26-03.42.57:627][844]LogSwarmInterface: [OpenConnection] Connecting to agent ...
[2018.02.26-03.42.57:666][844]LogSwarmInterface: [TryOpenConnection] Testing the Agent
[2018.02.26-03.42.58:200][844]LogSwarmInterface: [TryOpenConnection] Opening Connection to Agent
[2018.02.26-03.42.58:200][844]LogSwarmInterface: [TryOpenConnection] Local Process ID is 14508
[2018.02.26-03.43.00:837][844]LogStaticLightingSystem: Running Lightmass w/ ImmediateImport mode ENABLED
[2018.02.26-03.43.00:837][844]LogStaticLightingSystem: Running Lightmass w/ ImmediateProcess mode ENABLED
[2018.02.26-03.43.00:837][844]LogStaticLightingSystem: Running Lightmass w/ Sorting mode ENABLED
[2018.02.26-03.43.00:837][844]LogStaticLightingSystem: Running Lightmass w/ Mapping paddings ENABLED
[2018.02.26-03.43.00:837][844]LogStaticLightingSystem: Running Lightmass w/ Mapping debug paddings DISABLED
[2018.02.26-03.43.00:984][844]LogEditorBuildUtils: Build time 0:03
[2018.02.26-03.43.03:745][ 59]Job is a success!
[2018.02.26-03.43.03:765][ 61]LogSlate: Took 0.000903 seconds to synchronously load lazily loaded font '../../../Engine/Content/Slate/Fonts/Roboto-Light.ttf' (159K)
[2018.02.26-03.43.03:798][ 61]LogVolumetricLightmapImport: Imported Volumetric Lightmap in 0.009s
[2018.02.26-03.43.03:799][ 61]LogVolumetricLightmapImport:      Indirection Texture 16x16x16 = 0.0Mb
[2018.02.26-03.43.03:799][ 61]LogVolumetricLightmapImport:      BrickData 175x5x5 = 0.1Mb
[2018.02.26-03.43.03:799][ 61]LogVolumetricLightmapImport:      Bricks at Level
[2018.02.26-03.43.03:799][ 61]LogVolumetricLightmapImport:          0: 2.9% covering 100.0% of volume
[2018.02.26-03.43.03:799][ 61]LogVolumetricLightmapImport:          1: 11.4% covering 6.3% of volume
[2018.02.26-03.43.03:799][ 61]LogVolumetricLightmapImport:          2: 85.7% covering 0.7% of volume
[2018.02.26-03.43.03:998][ 61]LogTexture: Display: Building textures: SkyOcclusion1_1 (AutoDXT, 1024X512)
[2018.02.26-03.43.03:998][ 61]LogTexture: Display: Building textures: HQ_Lightmap1_1 (AutoDXT, 1024X1024)
[2018.02.26-03.43.03:998][ 61]LogTexture: Display: Building textures: SkyOcclusion1_2 (AutoDXT, 64X32)
[2018.02.26-03.43.03:998][ 61]LogTexture: Display: Building textures: LQ_Lightmap_1_1 (DXT1, 1024X1024)
[2018.02.26-03.43.03:998][ 61]LogTexture: Display: Building textures: LQ_Lightmap_1_2 (DXT1, 64X64)
[2018.02.26-03.43.03:998][ 61]LogTexture: Display: Building textures: HQ_Lightmap1_2 (AutoDXT, 64X64)
[2018.02.26-03.43.03:998][ 61]LogTexture: Display: Building textures: ShadowMapTexture2D_3 (G8, 32X32)
[2018.02.26-03.43.03:998][ 61]LogTexture: Display: Building textures: ShadowMapTexture2D_2 (G8, 512X512)
[2018.02.26-03.43.04:035][ 61]Lightmass on SYD-R102-PC02: 2.45 sec total, 112 ms importing, 8 ms setup, 621 ms photons, 1.65 sec processing, 0 ms extra exporting [2/2 mappings]. Threads: 11.4 sec total, 1.35 sec processing.
[2018.02.26-03.43.04:056][ 61]LogStaticLightingSystem: Illumination: 6.51 sec (119 ms encoding lightmaps, 62 ms encoding shadowmaps)
[2018.02.26-03.43.04:056][ 61]LogStaticLightingSystem: Lightmap texture memory:  2.7 MB (2.7 MB streaming, 0.0 MB non-streaming), 4 textures
[2018.02.26-03.43.04:056][ 61]LogStaticLightingSystem: Shadowmap texture memory: 0.3 MB (0.3 MB streaming, 0.0 MB non-streaming), 2 textures
[2018.02.26-03.43.04:844][ 61]DumpUnbuiltLightIteractions
[2018.02.26-03.43.04:844][ 61]Lights with unbuilt interactions: 0
[2018.02.26-03.43.04:844][ 61]
[2018.02.26-03.43.04:844][ 61]Primitives with unbuilt interactions: 0
[2018.02.26-03.43.04:878][ 62]Cmd: MAP CHECK NOTIFYRESULTS
[2018.02.26-03.43.04:878][ 62]MapCheck: New page: TopDownExampleMap - 27 Feb 2018 1:43:04 am
[2018.02.26-03.43.04:934][ 62]MapCheck: Map check complete: 0 Error(s), 0 Warning(s), took 56.224ms to complete.
[2018.02.26-03.43.09:863][649]LogEditorViewport: Clicking on Actor (LMB): TextRenderActor (TemplateLabel)
[2018.02.26-03.43.11:294][814]LogEditorActor: Deleted Actor: TextRenderActor
[2018.02.26-03.43.11:301][814]LogEditorActor: Deleted 1 Actors (0.008 secs)
[2018.02.26-03.43.21:101][984]LogTemp: Repeating last play command: Selected Viewport
[2018.02.26-03.43.21:110][984]LogBlueprintUserMessages: Early PlayInEditor Detection: Level '/Game/TopDownCPP/Maps/TopDownExampleMap.TopDownExampleMap:PersistentLevel' has LevelScriptBlueprint '/Game/TopDownCPP/Maps/TopDownExampleMap.TopDownExampleMap:PersistentLevel.TopDownExampleMap' with GeneratedClass '/Game/TopDownCPP/Maps/TopDownExampleMap.TopDownExampleMap_C' with ClassGeneratedBy '/Game/TopDownCPP/Maps/TopDownExampleMap.TopDownExampleMap:PersistentLevel.TopDownExampleMap'
[2018.02.26-03.43.21:111][984]LogPlayLevel: PlayLevel: No blueprints needed recompiling
[2018.02.26-03.43.21:111][984]PIE: New page: PIE session: TopDownExampleMap (27 Feb 2018 1:43:21 am)
[2018.02.26-03.43.21:111][984]LogPlayLevel: Creating play world package: /Game/TopDownCPP/Maps/UEDPIE_0_TopDownExampleMap
[2018.02.26-03.43.21:122][984]LogPlayLevel: PIE: StaticDuplicateObject took: (0.010678s)
[2018.02.26-03.43.21:122][984]LogAIModule: Creating AISystem for world TopDownExampleMap
[2018.02.26-03.43.21:122][984]LogPlayLevel: PIE: World Init took: (0.000666s)
[2018.02.26-03.43.21:123][984]LogPlayLevel: PIE: Created PIE world by copying editor world from /Game/TopDownCPP/Maps/TopDownExampleMap.TopDownExampleMap to /Game/TopDownCPP/Maps/UEDPIE_0_TopDownExampleMap.TopDownExampleMap (0.011706s)
[2018.02.26-03.43.21:147][984]LogInit: XAudio2 using 'Speakers (Realtek High Definition Audio)' : 2 channels at 48 kHz using 32 bits per sample (channel mask 0x3)
[2018.02.26-03.43.21:158][984]LogInit: FAudioDevice initialized.
[2018.02.26-03.43.21:193][984]LogLoad: Game class is 'Studio2ProjectGameMode'
[2018.02.26-03.43.21:195][984]LogWorld: Bringing World /Game/TopDownCPP/Maps/UEDPIE_0_TopDownExampleMap.TopDownExampleMap up for play (max tick rate 0) at 2018.02.26-14.43.21
[2018.02.26-03.43.21:195][984]LogWorld: Bringing up level for play took: 0.000584
[2018.02.26-03.43.21:196][984]PIE: Play in editor start time for /Game/TopDownCPP/Maps/UEDPIE_0_TopDownExampleMap 1.025
[2018.02.26-03.43.21:197][984]LogBlueprintUserMessages: Late PlayInEditor Detection: Level '/Game/TopDownCPP/Maps/TopDownExampleMap.TopDownExampleMap:PersistentLevel' has LevelScriptBlueprint '/Game/TopDownCPP/Maps/TopDownExampleMap.TopDownExampleMap:PersistentLevel.TopDownExampleMap' with GeneratedClass '/Game/TopDownCPP/Maps/TopDownExampleMap.TopDownExampleMap_C' with ClassGeneratedBy '/Game/TopDownCPP/Maps/TopDownExampleMap.TopDownExampleMap:PersistentLevel.TopDownExampleMap'
[2018.02.26-03.43.22:745][163]LogBlueprintUserMessages: Early EndPlayMap Detection: Level '/Game/TopDownCPP/Maps/TopDownExampleMap.TopDownExampleMap:PersistentLevel' has LevelScriptBlueprint '/Game/TopDownCPP/Maps/TopDownExampleMap.TopDownExampleMap:PersistentLevel.TopDownExampleMap' with GeneratedClass '/Game/TopDownCPP/Maps/TopDownExampleMap.TopDownExampleMap_C' with ClassGeneratedBy '/Game/TopDownCPP/Maps/TopDownExampleMap.TopDownExampleMap:PersistentLevel.TopDownExampleMap'
[2018.02.26-03.43.22:790][163]LogBlueprintUserMessages: Late EndPlayMap Detection: Level '/Game/TopDownCPP/Maps/TopDownExampleMap.TopDownExampleMap:PersistentLevel' has LevelScriptBlueprint '/Game/TopDownCPP/Maps/TopDownExampleMap.TopDownExampleMap:PersistentLevel.TopDownExampleMap' with GeneratedClass '/Game/TopDownCPP/Maps/TopDownExampleMap.TopDownExampleMap_C' with ClassGeneratedBy '/Game/TopDownCPP/Maps/TopDownExampleMap.TopDownExampleMap:PersistentLevel.TopDownExampleMap'
[2018.02.26-03.43.31:932][245]LogTemp: Repeating last play command: Selected Viewport
[2018.02.26-03.43.31:941][245]LogBlueprintUserMessages: Early PlayInEditor Detection: Level '/Game/TopDownCPP/Maps/TopDownExampleMap.TopDownExampleMap:PersistentLevel' has LevelScriptBlueprint '/Game/TopDownCPP/Maps/TopDownExampleMap.TopDownExampleMap:PersistentLevel.TopDownExampleMap' with GeneratedClass '/Game/TopDownCPP/Maps/TopDownExampleMap.TopDownExampleMap_C' with ClassGeneratedBy '/Game/TopDownCPP/Maps/TopDownExampleMap.TopDownExampleMap:PersistentLevel.TopDownExampleMap'
[2018.02.26-03.43.31:941][245]LogPlayLevel: PlayLevel: No blueprints needed recompiling
[2018.02.26-03.43.31:941][245]PIE: New page: PIE session: TopDownExampleMap (27 Feb 2018 1:43:31 am)
[2018.02.26-03.43.31:941][245]LogPlayLevel: Creating play world package: /Game/TopDownCPP/Maps/UEDPIE_0_TopDownExampleMap
[2018.02.26-03.43.31:952][245]LogPlayLevel: PIE: StaticDuplicateObject took: (0.011020s)
[2018.02.26-03.43.31:953][245]LogAIModule: Creating AISystem for world TopDownExampleMap
[2018.02.26-03.43.31:954][245]LogPlayLevel: PIE: World Init took: (0.000982s)
[2018.02.26-03.43.31:954][245]LogPlayLevel: PIE: Created PIE world by copying editor world from /Game/TopDownCPP/Maps/TopDownExampleMap.TopDownExampleMap to /Game/TopDownCPP/Maps/UEDPIE_0_TopDownExampleMap.TopDownExampleMap (0.012422s)
[2018.02.26-03.43.31:978][245]LogInit: XAudio2 using 'Speakers (Realtek High Definition Audio)' : 2 channels at 48 kHz using 32 bits per sample (channel mask 0x3)
[2018.02.26-03.43.31:988][245]LogInit: FAudioDevice initialized.
[2018.02.26-03.43.32:019][245]LogLoad: Game class is 'Studio2ProjectGameMode'
[2018.02.26-03.43.32:021][245]LogWorld: Bringing World /Game/TopDownCPP/Maps/UEDPIE_0_TopDownExampleMap.TopDownExampleMap up for play (max tick rate 0) at 2018.02.26-14.43.32
[2018.02.26-03.43.32:021][245]LogWorld: Bringing up level for play took: 0.000644
[2018.02.26-03.43.32:023][245]PIE: Play in editor start time for /Game/TopDownCPP/Maps/UEDPIE_0_TopDownExampleMap -0.149
[2018.02.26-03.43.32:023][245]LogBlueprintUserMessages: Late PlayInEditor Detection: Level '/Game/TopDownCPP/Maps/TopDownExampleMap.TopDownExampleMap:PersistentLevel' has LevelScriptBlueprint '/Game/TopDownCPP/Maps/TopDownExampleMap.TopDownExampleMap:PersistentLevel.TopDownExampleMap' with GeneratedClass '/Game/TopDownCPP/Maps/TopDownExampleMap.TopDownExampleMap_C' with ClassGeneratedBy '/Game/TopDownCPP/Maps/TopDownExampleMap.TopDownExampleMap:PersistentLevel.TopDownExampleMap'
[2018.02.26-03.43.45:442][833]LogSavePackage: Save=114.52ms
[2018.02.26-03.43.45:442][833]LogSavePackage: Moving '../../../../../../Users/tkumazawa/Documents/Studio-2-Project/Saved/TopDownExampleMap30808A8349EB59F29F0C43B38014CA47.tmp' to '../../../../../../Users/tkumazawa/Documents/Studio-2-Project/Content/TopDownCPP/Maps/TopDownExampleMap.umap'
[2018.02.26-03.43.45:446][833]LogSavePackage: Display: Finished SavePackage ../../../../../../Users/tkumazawa/Documents/Studio-2-Project/Content/TopDownCPP/Maps/TopDownExampleMap.umap
[2018.02.26-03.43.45:534][833]LogSavePackage: Save=47.92ms
[2018.02.26-03.43.45:534][833]LogSavePackage: Moving '../../../../../../Users/tkumazawa/Documents/Studio-2-Project/Saved/TopDownExampleMap_BuiltDataCDAD4DB94CA0F0C17C0DBB861A73D58F.tmp' to '../../../../../../Users/tkumazawa/Documents/Studio-2-Project/Content/TopDownCPP/Maps/TopDownExampleMap_BuiltData.uasset'
[2018.02.26-03.43.45:538][833]LogSavePackage: Display: Finished SavePackage ../../../../../../Users/tkumazawa/Documents/Studio-2-Project/Content/TopDownCPP/Maps/TopDownExampleMap_BuiltData.uasset
[2018.02.26-03.43.47:831][108]LogBlueprintUserMessages: Early EndPlayMap Detection: Level '/Game/TopDownCPP/Maps/TopDownExampleMap.TopDownExampleMap:PersistentLevel' has LevelScriptBlueprint '/Game/TopDownCPP/Maps/TopDownExampleMap.TopDownExampleMap:PersistentLevel.TopDownExampleMap' with GeneratedClass '/Game/TopDownCPP/Maps/TopDownExampleMap.TopDownExampleMap_C' with ClassGeneratedBy '/Game/TopDownCPP/Maps/TopDownExampleMap.TopDownExampleMap:PersistentLevel.TopDownExampleMap'
[2018.02.26-03.43.47:864][108]LogBlueprintUserMessages: Late EndPlayMap Detection: Level '/Game/TopDownCPP/Maps/TopDownExampleMap.TopDownExampleMap:PersistentLevel' has LevelScriptBlueprint '/Game/TopDownCPP/Maps/TopDownExampleMap.TopDownExampleMap:PersistentLevel.TopDownExampleMap' with GeneratedClass '/Game/TopDownCPP/Maps/TopDownExampleMap.TopDownExampleMap_C' with ClassGeneratedBy '/Game/TopDownCPP/Maps/TopDownExampleMap.TopDownExampleMap:PersistentLevel.TopDownExampleMap'
